生成启动时间为 2017/8/14 13:40:22。
     1>项目“F:\vechiledetect\TrafficDetectionCore\TrafficDetectionCore.vcxproj”在节点 2 上(rebuild 个目标)。
     1>PrepareForBuild:
         正在创建目录“F:\vechiledetect\Debug\”。
       InitializeBuildStatus:
         正在创建“Debug\TrafficDetectionCore.unsuccessfulbuild”，因为已指定“AlwaysCreate”。
       ClCompile:
         D:\Program Files (x86)\Microsoft Visual Studio 10.0\VC\bin\CL.exe /c /ZI /nologo /W3 /WX- /Od /Oy- /D WIN32 /D _DEBUG /D _WINDOWS /D _USRDLL /D VEHICLEDETECT2_EXPORTS /D _WINDLL /D _UNICODE /D UNICODE /Gm /EHsc /RTC1 /MDd /GS /fp:precise /Zc:wchar_t /Zc:forScope /Fo"Debug\\" /Fd"Debug\vc100.pdb" /Gd /TP /analyze- /errorReport:prompt DemarcateTransform.cpp DetectionMain.cpp DetectionParameter.cpp VehicleFlowDetection.cpp Vibe.cpp VirtualCoil.cpp
         VirtualCoil.cpp
     1>f:\vechiledetect\trafficdetectioncore\vibe.h : warning C4819: 该文件包含不能在当前代码页(936)中表示的字符。请将该文件保存为 Unicode 格式以防止数据丢失
     1>f:\vechiledetect\trafficdetectioncore\virtualcoil.h(101): warning C4244: “=”: 从“double”转换到“int”，可能丢失数据
     1>f:\vechiledetect\trafficdetectioncore\virtualcoil.cpp(290): warning C4101: “e”: 未引用的局部变量
     1>f:\vechiledetect\trafficdetectioncore\virtualcoil.cpp(304): warning C4101: “e”: 未引用的局部变量
         Vibe.cpp
     1>f:\vechiledetect\trafficdetectioncore\vibe.cpp : warning C4819: 该文件包含不能在当前代码页(936)中表示的字符。请将该文件保存为 Unicode 格式以防止数据丢失
     1>f:\vechiledetect\trafficdetectioncore\vibe.h : warning C4819: 该文件包含不能在当前代码页(936)中表示的字符。请将该文件保存为 Unicode 格式以防止数据丢失
         VehicleFlowDetection.cpp
     1>f:\vechiledetect\trafficdetectioncore\vibe.h : warning C4819: 该文件包含不能在当前代码页(936)中表示的字符。请将该文件保存为 Unicode 格式以防止数据丢失
     1>f:\vechiledetect\trafficdetectioncore\virtualcoil.h(101): warning C4244: “=”: 从“double”转换到“int”，可能丢失数据
         DetectionParameter.cpp
         DetectionMain.cpp
     1>f:\vechiledetect\trafficdetectioncore\vibe.h : warning C4819: 该文件包含不能在当前代码页(936)中表示的字符。请将该文件保存为 Unicode 格式以防止数据丢失
     1>f:\vechiledetect\trafficdetectioncore\virtualcoil.h(101): warning C4244: “=”: 从“double”转换到“int”，可能丢失数据
     1>f:\vechiledetect\trafficdetectioncore\detectionmain.cpp(435): warning C4018: “<”: 有符号/无符号不匹配
     1>f:\vechiledetect\trafficdetectioncore\detectionmain.cpp(488): warning C4244: “=”: 从“double”转换到“int”，可能丢失数据
     1>f:\vechiledetect\trafficdetectioncore\detectionmain.cpp(717): warning C4018: “<”: 有符号/无符号不匹配
     1>f:\vechiledetect\trafficdetectioncore\detectionmain.cpp(721): warning C4244: “=”: 从“double”转换到“int”，可能丢失数据
     1>f:\vechiledetect\trafficdetectioncore\detectionmain.cpp(764): warning C4244: “=”: 从“double”转换到“float”，可能丢失数据
     1>f:\vechiledetect\trafficdetectioncore\detectionmain.cpp(765): warning C4244: “=”: 从“double”转换到“float”，可能丢失数据
     1>f:\vechiledetect\trafficdetectioncore\detectionmain.cpp(772): warning C4244: “=”: 从“double”转换到“float”，可能丢失数据
         DemarcateTransform.cpp
     1>f:\vechiledetect\trafficdetectioncore\vibe.h : warning C4819: 该文件包含不能在当前代码页(936)中表示的字符。请将该文件保存为 Unicode 格式以防止数据丢失
     1>f:\vechiledetect\trafficdetectioncore\virtualcoil.h(101): warning C4244: “=”: 从“double”转换到“int”，可能丢失数据
         正在生成代码...
       ManifestResourceCompile:
         C:\Program Files (x86)\Microsoft SDKs\Windows\v7.0A\bin\rc.exe /nologo /fo"Debug\TrafficDetectionCore.dll.embed.manifest.res" Debug\TrafficDetectionCore_manifest.rc 
       Link:
         D:\Program Files (x86)\Microsoft Visual Studio 10.0\VC\bin\link.exe /ERRORREPORT:PROMPT /OUT:"F:\vechiledetect\Debug\TrafficDetectionCore.dll" /INCREMENTAL /NOLOGO msvcrtd.lib opencv_core2410d.lib opencv_imgproc2410d.lib opencv_highgui2410d.lib opencv_ml2410d.lib opencv_video2410d.lib opencv_features2d2410d.lib opencv_calib3d2410d.lib opencv_contrib2410d.lib opencv_legacy2410d.lib opencv_flann2410d.lib opencv_gpu2410d.lib kernel32.lib user32.lib gdi32.lib winspool.lib comdlg32.lib advapi32.lib shell32.lib ole32.lib oleaut32.lib uuid.lib odbc32.lib odbccp32.lib /MANIFEST /ManifestFile:"Debug\TrafficDetectionCore.dll.intermediate.manifest" /MANIFESTUAC:"level='asInvoker' uiAccess='false'" /DEBUG /PDB:"F:\vechiledetect\Debug\TrafficDetectionCore.pdb" /SUBSYSTEM:WINDOWS /TLBID:1 /DYNAMICBASE /NXCOMPAT /IMPLIB:"F:\vechiledetect\Debug\TrafficDetectionCore.lib" /MACHINE:X86 /DLL Debug\TrafficDetectionCore.dll.embed.manifest.res
         Debug\DemarcateTransform.obj
         Debug\DetectionMain.obj
         Debug\DetectionParameter.obj
         Debug\VehicleFlowDetection.obj
         Debug\Vibe.obj
         Debug\VirtualCoil.obj
     1>LINK : fatal error LNK1104: 无法打开文件“opencv_core2410d.lib”
     1>已完成生成项目“F:\vechiledetect\TrafficDetectionCore\TrafficDetectionCore.vcxproj”(rebuild 个目标)的操作 - 失败。

生成失败。

已用时间 00:00:05.70
