G:\VECHILEDETECT2\RELEASE\TRAFFICDETECTIONCORE.DLL
G:\vechiledetect2\Release\TrafficDetectionCore.exp
G:\vechiledetect2\Release\TrafficDetectionCore.lib
G:\VECHILEDETECT2\RELEASE\TRAFFICDETECTIONCORE.PDB
G:\vechiledetect2\TrafficDetectionCore\Release\cl.command.1.tlog
G:\vechiledetect2\TrafficDetectionCore\Release\CL.read.1.tlog
G:\vechiledetect2\TrafficDetectionCore\Release\CL.write.1.tlog
G:\VECHILEDETECT2\TRAFFICDETECTIONCORE\RELEASE\DEMARCATETRANSFORM.OBJ
G:\VECHILEDETECT2\TRAFFICDETECTIONCORE\RELEASE\DETECTIONMAIN.OBJ
G:\VECHILEDETECT2\TRAFFICDETECTIONCORE\RELEASE\DETECTIONPARAMETER.OBJ
G:\vechiledetect2\TrafficDetectionCore\Release\link.command.1.tlog
G:\vechiledetect2\TrafficDetectionCore\Release\link.read.1.tlog
G:\vechiledetect2\TrafficDetectionCore\Release\link.write.1.tlog
G:\VECHILEDETECT2\TRAFFICDETECTIONCORE\RELEASE\MOG_BGS.OBJ
G:\vechiledetect2\TrafficDetectionCore\Release\mt.command.1.tlog
G:\vechiledetect2\TrafficDetectionCore\Release\mt.read.1.tlog
G:\vechiledetect2\TrafficDetectionCore\Release\mt.read.2.tlog
G:\vechiledetect2\TrafficDetectionCore\Release\mt.write.1.tlog
G:\VECHILEDETECT2\TRAFFICDETECTIONCORE\RELEASE\TRAFFICDETECTIONCORE.DLL.INTERMEDIATE.MANIFEST
G:\vechiledetect2\TrafficDetectionCore\Release\TrafficDetectionCore.write.1.tlog
G:\VECHILEDETECT2\TRAFFICDETECTIONCORE\RELEASE\VC100.PDB
G:\VECHILEDETECT2\TRAFFICDETECTIONCORE\RELEASE\VEHICLEFLOWDETECTION.OBJ
G:\VECHILEDETECT2\TRAFFICDETECTIONCORE\RELEASE\VIBE.OBJ
G:\VECHILEDETECT2\TRAFFICDETECTIONCORE\RELEASE\VIRTUALCOIL.OBJ
